<?xml version="1.0" encoding="UTF-8" ?>
<testsuite tests="6" failures="0" name="praktikum.IngredientTest" time="0" errors="0" skipped="0">
  <properties>
[...]
</properties>
  <testcase classname="praktikum.IngredientTest" name="getPriceTest[0]" time="0"/>
  <testcase classname="praktikum.IngredientTest" name="getNameTest[0]" time="0"/>
  <testcase classname="praktikum.IngredientTest" name="getTypeTest[0]" time="0"/>
  <testcase classname="praktikum.IngredientTest" name="getPriceTest[1]" time="0"/>
  <testcase classname="praktikum.IngredientTest" name="getNameTest[1]" time="0"/>
  <testcase classname="praktikum.IngredientTest" name="getTypeTest[1]" time="0"/>
</testsuite>